<?xml version="1.0" encoding="UTF-8"?>
<!-- Generated by org.testng.reporters.JUnitReportReporter -->
<testsuite hostname="LAPTOP-35LO5QB1" failures="0" tests="1" name="browserStackTest.AppTest" time="0.053" errors="0" timestamp="2025-07-09T00:08:02 IST" skipped="0">
  <testcase classname="browserStackTest.AppTest" name="shouldAnswerWithTrue" time="0.053"/>
</testsuite> <!-- browserStackTest.AppTest -->
